BendeMacBook-Pro:flink-1.7.0 ben$ ./bin/yarn-session.sh -n 4 -jm 1024m -tm 1024m
2018-12-08 15:07:57,847 INFO  org.apache.flink.configuration.GlobalConfiguration            - Loading configuration property: jobmanager.rpc.address, localhost
2018-12-08 15:07:57,849 INFO  org.apache.flink.configuration.GlobalConfiguration            - Loading configuration property: jobmanager.rpc.port, 6123
2018-12-08 15:07:57,849 INFO  org.apache.flink.configuration.GlobalConfiguration            - Loading configuration property: jobmanager.heap.size, 1024m
2018-12-08 15:07:57,849 INFO  org.apache.flink.configuration.GlobalConfiguration            - Loading configuration property: taskmanager.heap.size, 1024m
2018-12-08 15:07:57,849 INFO  org.apache.flink.configuration.GlobalConfiguration            - Loading configuration property: taskmanager.numberOfTaskSlots, 1
2018-12-08 15:07:57,849 INFO  org.apache.flink.configuration.GlobalConfiguration            - Loading configuration property: parallelism.default, 1
2018-12-08 15:07:57,850 INFO  org.apache.flink.configuration.GlobalConfiguration            - Loading configuration property: rest.port, 8081
2018-12-08 15:07:58,310 WARN  org.apache.hadoop.util.NativeCodeLoader                       - Unable to load native-hadoop library for your platform... using builtin-java classes where applicable
2018-12-08 15:07:58,399 INFO  org.apache.flink.runtime.security.modules.HadoopModule        - Hadoop user set to ben (auth:SIMPLE)
2018-12-08 15:07:58,482 INFO  org.apache.hadoop.yarn.client.RMProxy                         - Connecting to ResourceManager at /0.0.0.0:8032
2018-12-08 15:07:58,612 INFO  org.apache.flink.yarn.cli.FlinkYarnSessionCli                 - The argument n is deprecated in will be ignored.
2018-12-08 15:07:58,767 INFO  org.apache.flink.yarn.AbstractYarnClusterDescriptor           - Cluster specification: ClusterSpecification{masterMemoryMB=1024, taskManagerMemoryMB=1024, numberTaskManagers=4, slotsPerTaskManager=1}
2018-12-08 15:07:59,146 WARN  org.apache.flink.yarn.AbstractYarnClusterDescriptor           - The configuration directory ('/Users/ben/Downloads/hadoop/flink-1.7.0/conf') contains both LOG4J and Logback configuration files. Please delete or rename one of them.
2018-12-08 15:07:59,850 INFO  org.apache.flink.yarn.AbstractYarnClusterDescriptor           - Submitting application master application_1544245876533_0010
2018-12-08 15:07:59,870 INFO  org.apache.hadoop.yarn.client.api.impl.YarnClientImpl         - Submitted application application_1544245876533_0010
2018-12-08 15:07:59,870 INFO  org.apache.flink.yarn.AbstractYarnClusterDescriptor           - Waiting for the cluster to be allocated
2018-12-08 15:07:59,871 INFO  org.apache.flink.yarn.AbstractYarnClusterDescriptor           - Deploying cluster, current state ACCEPTED
2018-12-08 15:08:04,441 INFO  org.apache.flink.yarn.AbstractYarnClusterDescriptor           - YARN application has been deployed successfully.
2018-12-08 15:08:04,822 INFO  org.apache.flink.runtime.rest.RestClient                      - Rest client endpoint started.
Flink JobManager is now running on 30.5.60.24:58149 with leader id 00000000-0000-0000-0000-000000000000.
JobManager Web Interface: http://30.5.60.24:58149


BendeMacBook-Pro:flink-1.7.0 ben$ ./bin/flink run ./examples/batch/WordCount.jar --input hdfs:///user/ben/input/core-site.xml --output hdfs:///user/ben/output/result2.txt
2018-12-08 15:08:47,364 INFO  org.apache.flink.yarn.cli.FlinkYarnSessionCli                 - Found Yarn properties file under /var/folders/_v/7qm2_64j1hscr5jlszz6zl2w0000gp/T/.yarn-properties-ben.
2018-12-08 15:08:47,364 INFO  org.apache.flink.yarn.cli.FlinkYarnSessionCli                 - Found Yarn properties file under /var/folders/_v/7qm2_64j1hscr5jlszz6zl2w0000gp/T/.yarn-properties-ben.
2018-12-08 15:08:47,682 INFO  org.apache.flink.yarn.cli.FlinkYarnSessionCli                 - YARN properties set default parallelism to 4
2018-12-08 15:08:47,682 INFO  org.apache.flink.yarn.cli.FlinkYarnSessionCli                 - YARN properties set default parallelism to 4
YARN properties set default parallelism to 4
2018-12-08 15:08:47,721 INFO  org.apache.hadoop.yarn.client.RMProxy                         - Connecting to ResourceManager at /0.0.0.0:8032
2018-12-08 15:08:47,853 INFO  org.apache.flink.yarn.cli.FlinkYarnSessionCli                 - No path for the flink jar passed. Using the location of class org.apache.flink.yarn.YarnClusterDescriptor to locate the jar
2018-12-08 15:08:47,853 INFO  org.apache.flink.yarn.cli.FlinkYarnSessionCli                 - No path for the flink jar passed. Using the location of class org.apache.flink.yarn.YarnClusterDescriptor to locate the jar
2018-12-08 15:08:47,863 WARN  org.apache.flink.yarn.AbstractYarnClusterDescriptor           - Neither the HADOOP_CONF_DIR nor the YARN_CONF_DIR environment variable is set.The Flink YARN Client needs one of these to be set to properly load the Hadoop configuration for accessing YARN.
2018-12-08 15:08:47,969 INFO  org.apache.flink.yarn.AbstractYarnClusterDescriptor           - Found application JobManager host name '30.5.60.24' and port '58149' from supplied application id 'application_1544245876533_0010'
Starting execution of program
Program execution finished
Job with JobID 72e4563f2d6ba0790262f515473ad726 has finished.
Job Runtime: 9610 ms


Log of flink run command in log file:
2018-12-08 15:08:46,904 INFO  org.apache.flink.client.cli.CliFrontend                       - --------------------------------------------------------------------------------
2018-12-08 15:08:46,905 INFO  org.apache.flink.client.cli.CliFrontend                       -  Starting Command Line Client (Version: 1.7.0, Rev:49da9f9, Date:28.11.2018 @ 17:59:06 UTC)
2018-12-08 15:08:46,905 INFO  org.apache.flink.client.cli.CliFrontend                       -  OS current user: ben
2018-12-08 15:08:47,344 INFO  org.apache.flink.client.cli.CliFrontend                       -  Current Hadoop/Kerberos user: ben
2018-12-08 15:08:47,344 INFO  org.apache.flink.client.cli.CliFrontend                       -  JVM: Java HotSpot(TM) 64-Bit Server VM - Oracle Corporation - 1.8/25.181-b13
2018-12-08 15:08:47,344 INFO  org.apache.flink.client.cli.CliFrontend                       -  Maximum heap size: 3641 MiBytes
2018-12-08 15:08:47,344 INFO  org.apache.flink.client.cli.CliFrontend                       -  JAVA_HOME: /Library/Java/JavaVirtualMachines/jdk1.8.0_181.jdk/Contents/Home
2018-12-08 15:08:47,346 INFO  org.apache.flink.client.cli.CliFrontend                       -  Hadoop version: 2.8.3
2018-12-08 15:08:47,346 INFO  org.apache.flink.client.cli.CliFrontend                       -  JVM Options:
2018-12-08 15:08:47,346 INFO  org.apache.flink.client.cli.CliFrontend                       -     -Dlog.file=/Users/ben/Downloads/hadoop/flink-1.7.0/log/flink-ben-client-BendeMacBook-Pro.local.log
2018-12-08 15:08:47,346 INFO  org.apache.flink.client.cli.CliFrontend                       -     -Dlog4j.configuration=file:/Users/ben/Downloads/hadoop/flink-1.7.0/conf/log4j-cli.properties
2018-12-08 15:08:47,346 INFO  org.apache.flink.client.cli.CliFrontend                       -     -Dlogback.configurationFile=file:/Users/ben/Downloads/hadoop/flink-1.7.0/conf/logback.xml
2018-12-08 15:08:47,346 INFO  org.apache.flink.client.cli.CliFrontend                       -  Program Arguments:
2018-12-08 15:08:47,346 INFO  org.apache.flink.client.cli.CliFrontend                       -     run
2018-12-08 15:08:47,346 INFO  org.apache.flink.client.cli.CliFrontend                       -     ./examples/batch/WordCount.jar
2018-12-08 15:08:47,346 INFO  org.apache.flink.client.cli.CliFrontend                       -     --input
2018-12-08 15:08:47,346 INFO  org.apache.flink.client.cli.CliFrontend                       -     hdfs:///user/ben/input/core-site.xml
2018-12-08 15:08:47,346 INFO  org.apache.flink.client.cli.CliFrontend                       -     --output
2018-12-08 15:08:47,347 INFO  org.apache.flink.client.cli.CliFrontend                       -     hdfs:///user/ben/output/result2.txt
2018-12-08 15:08:47,347 INFO  org.apache.flink.client.cli.CliFrontend                       -  Classpath: /Users/ben/Downloads/hadoop/flink-1.7.0/lib/flink-python_2.11-1.7.0.jar:/Users/ben/Downloads/hadoop/flink-1.7.0/lib/flink-shaded-hadoop2-uber-1.7.0.jar:/Users/ben/Downloads/hadoop/flink-1.7.0/lib/log4j-1.2.17.jar:/Users/ben/Downloads/hadoop/flink-1.7.0/lib/slf4j-log4j12-1.7.15.jar:/Users/ben/Downloads/hadoop/flink-1.7.0/lib/flink-dist_2.11-1.7.0.jar::/Users/ben/Downloads/hadoop/hadoop-2.8.5/etc/hadoop:
2018-12-08 15:08:47,347 INFO  org.apache.flink.client.cli.CliFrontend                       - --------------------------------------------------------------------------------
2018-12-08 15:08:47,350 INFO  org.apache.flink.configuration.GlobalConfiguration            - Loading configuration property: jobmanager.rpc.address, localhost
2018-12-08 15:08:47,350 INFO  org.apache.flink.configuration.GlobalConfiguration            - Loading configuration property: jobmanager.rpc.port, 6123
2018-12-08 15:08:47,350 INFO  org.apache.flink.configuration.GlobalConfiguration            - Loading configuration property: jobmanager.heap.size, 1024m
2018-12-08 15:08:47,351 INFO  org.apache.flink.configuration.GlobalConfiguration            - Loading configuration property: taskmanager.heap.size, 1024m
2018-12-08 15:08:47,351 INFO  org.apache.flink.configuration.GlobalConfiguration            - Loading configuration property: taskmanager.numberOfTaskSlots, 1
2018-12-08 15:08:47,351 INFO  org.apache.flink.configuration.GlobalConfiguration            - Loading configuration property: parallelism.default, 1
2018-12-08 15:08:47,351 INFO  org.apache.flink.configuration.GlobalConfiguration            - Loading configuration property: rest.port, 8081
2018-12-08 15:08:47,364 INFO  org.apache.flink.yarn.cli.FlinkYarnSessionCli                 - Found Yarn properties file under /var/folders/_v/7qm2_64j1hscr5jlszz6zl2w0000gp/T/.yarn-properties-ben.
2018-12-08 15:08:47,622 INFO  org.apache.flink.runtime.security.modules.HadoopModule        - Hadoop user set to ben (auth:SIMPLE)
2018-12-08 15:08:47,664 INFO  org.apache.flink.client.cli.CliFrontend                       - Running 'run' command.
2018-12-08 15:08:47,668 INFO  org.apache.flink.client.cli.CliFrontend                       - Building program from JAR file
2018-12-08 15:08:47,682 INFO  org.apache.flink.yarn.cli.FlinkYarnSessionCli                 - YARN properties set default parallelism to 4
2018-12-08 15:08:47,721 INFO  org.apache.hadoop.yarn.client.RMProxy                         - Connecting to ResourceManager at /0.0.0.0:8032
2018-12-08 15:08:47,853 INFO  org.apache.flink.yarn.cli.FlinkYarnSessionCli                 - No path for the flink jar passed. Using the location of class org.apache.flink.yarn.YarnClusterDescriptor to locate the jar
2018-12-08 15:08:47,863 WARN  org.apache.flink.yarn.AbstractYarnClusterDescriptor           - Neither the HADOOP_CONF_DIR nor the YARN_CONF_DIR environment variable is set.The Flink YARN Client needs one of these to be set to properly load the Hadoop configuration for accessing YARN.
2018-12-08 15:08:47,969 INFO  org.apache.flink.yarn.AbstractYarnClusterDescriptor           - Found application JobManager host name '30.5.60.24' and port '58149' from supplied application id 'application_1544245876533_0010'
2018-12-08 15:08:48,186 INFO  org.apache.flink.runtime.rest.RestClient                      - Rest client endpoint started.
2018-12-08 15:08:48,187 INFO  org.apache.flink.client.cli.CliFrontend                       - Starting execution of program
2018-12-08 15:08:48,188 INFO  org.apache.flink.client.program.rest.RestClusterClient        - Starting program in interactive mode (detached: false)
2018-12-08 15:08:48,201 INFO  org.apache.flink.configuration.GlobalConfiguration            - Loading configuration property: jobmanager.rpc.address, localhost
2018-12-08 15:08:48,201 INFO  org.apache.flink.configuration.GlobalConfiguration            - Loading configuration property: jobmanager.rpc.port, 6123
2018-12-08 15:08:48,202 INFO  org.apache.flink.configuration.GlobalConfiguration            - Loading configuration property: jobmanager.heap.size, 1024m
2018-12-08 15:08:48,202 INFO  org.apache.flink.configuration.GlobalConfiguration            - Loading configuration property: taskmanager.heap.size, 1024m
2018-12-08 15:08:48,202 INFO  org.apache.flink.configuration.GlobalConfiguration            - Loading configuration property: taskmanager.numberOfTaskSlots, 1
2018-12-08 15:08:48,202 INFO  org.apache.flink.configuration.GlobalConfiguration            - Loading configuration property: parallelism.default, 1
2018-12-08 15:08:48,202 INFO  org.apache.flink.configuration.GlobalConfiguration            - Loading configuration property: rest.port, 8081
2018-12-08 15:08:48,207 INFO  org.apache.flink.configuration.GlobalConfiguration            - Loading configuration property: jobmanager.rpc.address, localhost
2018-12-08 15:08:48,208 INFO  org.apache.flink.configuration.GlobalConfiguration            - Loading configuration property: jobmanager.rpc.port, 6123
2018-12-08 15:08:48,208 INFO  org.apache.flink.configuration.GlobalConfiguration            - Loading configuration property: jobmanager.heap.size, 1024m
2018-12-08 15:08:48,208 INFO  org.apache.flink.configuration.GlobalConfiguration            - Loading configuration property: taskmanager.heap.size, 1024m
2018-12-08 15:08:48,208 INFO  org.apache.flink.configuration.GlobalConfiguration            - Loading configuration property: taskmanager.numberOfTaskSlots, 1
2018-12-08 15:08:48,208 INFO  org.apache.flink.configuration.GlobalConfiguration            - Loading configuration property: parallelism.default, 1
2018-12-08 15:08:48,208 INFO  org.apache.flink.configuration.GlobalConfiguration            - Loading configuration property: rest.port, 8081
2018-12-08 15:08:48,249 INFO  org.apache.flink.configuration.GlobalConfiguration            - Loading configuration property: jobmanager.rpc.address, localhost
2018-12-08 15:08:48,249 INFO  org.apache.flink.configuration.GlobalConfiguration            - Loading configuration property: jobmanager.rpc.port, 6123
2018-12-08 15:08:48,249 INFO  org.apache.flink.configuration.GlobalConfiguration            - Loading configuration property: jobmanager.heap.size, 1024m
2018-12-08 15:08:48,249 INFO  org.apache.flink.configuration.GlobalConfiguration            - Loading configuration property: taskmanager.heap.size, 1024m
2018-12-08 15:08:48,249 INFO  org.apache.flink.configuration.GlobalConfiguration            - Loading configuration property: taskmanager.numberOfTaskSlots, 1
2018-12-08 15:08:48,249 INFO  org.apache.flink.configuration.GlobalConfiguration            - Loading configuration property: parallelism.default, 1
2018-12-08 15:08:48,249 INFO  org.apache.flink.configuration.GlobalConfiguration            - Loading configuration property: rest.port, 8081
2018-12-08 15:08:48,264 INFO  org.apache.flink.api.java.ExecutionEnvironment                - The job has 0 registered types and 0 default Kryo serializers
2018-12-08 15:08:48,811 INFO  org.apache.flink.configuration.GlobalConfiguration            - Loading configuration property: jobmanager.rpc.address, localhost
2018-12-08 15:08:48,811 INFO  org.apache.flink.configuration.GlobalConfiguration            - Loading configuration property: jobmanager.rpc.port, 6123
2018-12-08 15:08:48,811 INFO  org.apache.flink.configuration.GlobalConfiguration            - Loading configuration property: jobmanager.heap.size, 1024m
2018-12-08 15:08:48,812 INFO  org.apache.flink.configuration.GlobalConfiguration            - Loading configuration property: taskmanager.heap.size, 1024m
2018-12-08 15:08:48,812 INFO  org.apache.flink.configuration.GlobalConfiguration            - Loading configuration property: taskmanager.numberOfTaskSlots, 1
2018-12-08 15:08:48,812 INFO  org.apache.flink.configuration.GlobalConfiguration            - Loading configuration property: parallelism.default, 1
2018-12-08 15:08:48,812 INFO  org.apache.flink.configuration.GlobalConfiguration            - Loading configuration property: rest.port, 8081
2018-12-08 15:08:48,861 INFO  org.apache.flink.client.program.rest.RestClusterClient        - Submitting job 72e4563f2d6ba0790262f515473ad726 (detached: false).
2018-12-08 15:09:00,875 INFO  org.apache.flink.client.cli.CliFrontend                       - Program execution finished
2018-12-08 15:09:00,878 INFO  org.apache.flink.runtime.rest.RestClient                      - Shutting down rest endpoint.
2018-12-08 15:09:00,881 INFO  org.apache.flink.runtime.rest.RestClient                      - Rest endpoint shutdown complete.


Log of appMaster:
2018-12-08 15:08:02,325 INFO  org.apache.flink.runtime.entrypoint.ClusterEntrypoint         - --------------------------------------------------------------------------------
2018-12-08 15:08:02,326 INFO  org.apache.flink.runtime.entrypoint.ClusterEntrypoint         -  Starting YarnSessionClusterEntrypoint (Version: 1.7.0, Rev:49da9f9, Date:28.11.2018 @ 17:59:06 UTC)
2018-12-08 15:08:02,327 INFO  org.apache.flink.runtime.entrypoint.ClusterEntrypoint         -  OS current user: ben
2018-12-08 15:08:02,719 WARN  org.apache.hadoop.util.NativeCodeLoader                       - Unable to load native-hadoop library for your platform... using builtin-java classes where applicable
2018-12-08 15:08:02,793 INFO  org.apache.flink.runtime.entrypoint.ClusterEntrypoint         -  Current Hadoop/Kerberos user: ben
2018-12-08 15:08:02,793 INFO  org.apache.flink.runtime.entrypoint.ClusterEntrypoint         -  JVM: Java HotSpot(TM) 64-Bit Server VM - Oracle Corporation - 1.8/25.181-b13
2018-12-08 15:08:02,794 INFO  org.apache.flink.runtime.entrypoint.ClusterEntrypoint         -  Maximum heap size: 377 MiBytes
2018-12-08 15:08:02,794 INFO  org.apache.flink.runtime.entrypoint.ClusterEntrypoint         -  JAVA_HOME: /Library/Java/JavaVirtualMachines/jdk1.8.0_181.jdk/Contents/Home
2018-12-08 15:08:02,795 INFO  org.apache.flink.runtime.entrypoint.ClusterEntrypoint         -  Hadoop version: 2.8.3
2018-12-08 15:08:02,795 INFO  org.apache.flink.runtime.entrypoint.ClusterEntrypoint         -  JVM Options:
2018-12-08 15:08:02,795 INFO  org.apache.flink.runtime.entrypoint.ClusterEntrypoint         -     -Xmx424m
2018-12-08 15:08:02,795 INFO  org.apache.flink.runtime.entrypoint.ClusterEntrypoint         -     -Dlog.file=/Users/ben/Downloads/hadoop/hadoop-2.8.5/logs/userlogs/application_1544245876533_0010/container_1544245876533_0010_01_000001/jobmanager.log
2018-12-08 15:08:02,795 INFO  org.apache.flink.runtime.entrypoint.ClusterEntrypoint         -     -Dlogback.configurationFile=file:logback.xml
2018-12-08 15:08:02,795 INFO  org.apache.flink.runtime.entrypoint.ClusterEntrypoint         -     -Dlog4j.configuration=file:log4j.properties
2018-12-08 15:08:02,795 INFO  org.apache.flink.runtime.entrypoint.ClusterEntrypoint         -  Program Arguments: (none)
2018-12-08 15:08:02,795 INFO  org.apache.flink.runtime.entrypoint.ClusterEntrypoint         -  Classpath: lib/flink-python_2.11-1.7.0.jar:lib/flink-shaded-hadoop2-uber-1.7.0.jar:lib/log4j-1.2.17.jar:lib/slf4j-log4j12-1.7.15.jar:log4j.properties:logback.xml:flink.jar:flink-conf.yaml::/Users/ben/Downloads/hadoop/hadoop-2.8.5/etc/hadoop:/Users/ben/Downloads/hadoop/hadoop-2.8.5/share/hadoop/common/hadoop-common-2.8.5.jar:/Users/ben/Downloads/hadoop/hadoop-2.8.5/share/hadoop/common/hadoop-nfs-2.8.5.jar:/Users/ben/Downloads/hadoop/hadoop-2.8.5/share/hadoop/common/hadoop-common-2.8.5-tests.jar:/Users/ben/Downloads/hadoop/hadoop-2.8.5/share/hadoop/common/lib/jaxb-impl-2.2.3-1.jar:/Users/ben/Downloads/hadoop/hadoop-2.8.5/share/hadoop/common/lib/activation-1.1.jar:/Users/ben/Downloads/hadoop/hadoop-2.8.5/share/hadoop/common/lib/commons-configuration-1.6.jar:/Users/ben/Downloads/hadoop/hadoop-2.8.5/share/hadoop/common/lib/commons-beanutils-1.7.0.jar:/Users/ben/Downloads/hadoop/hadoop-2.8.5/share/hadoop/common/lib/xz-1.0.jar:/Users/ben/Downloads/hadoop/hadoop-2.8.5/share/hadoop/common/lib/junit-4.11.jar:/Users/ben/Downloads/hadoop/hadoop-2.8.5/share/hadoop/common/lib/stax-api-1.0-2.jar:/Users/ben/Downloads/hadoop/hadoop-2.8.5/share/hadoop/common/lib/apacheds-i18n-2.0.0-M15.jar:/Users/ben/Downloads/hadoop/hadoop-2.8.5/share/hadoop/common/lib/jaxb-api-2.2.2.jar:/Users/ben/Downloads/hadoop/hadoop-2.8.5/share/hadoop/common/lib/mockito-all-1.8.5.jar:/Users/ben/Downloads/hadoop/hadoop-2.8.5/share/hadoop/common/lib/jackson-jaxrs-1.9.13.jar:/Users/ben/Downloads/hadoop/hadoop-2.8.5/share/hadoop/common/lib/commons-logging-1.1.3.jar:/Users/ben/Downloads/hadoop/hadoop-2.8.5/share/hadoop/common/lib/curator-recipes-2.7.1.jar:/Users/ben/Downloads/hadoop/hadoop-2.8.5/share/hadoop/common/lib/jetty-sslengine-6.1.26.jar:/Users/ben/Downloads/hadoop/hadoop-2.8.5/share/hadoop/common/lib/jersey-json-1.9.jar:/Users/ben/Downloads/hadoop/hadoop-2.8.5/share/hadoop/common/lib/htrace-core4-4.0.1-incubating.jar:/Users/ben/Downloads/hadoop/hadoop-2.8.5/share/hadoop/common/lib/avro-1.7.4.jar:/Users/ben/Downloads/hadoop/hadoop-2.8.5/share/hadoop/common/lib/log4j-1.2.17.jar:/Users/ben/Downloads/hadoop/hadoop-2.8.5/share/hadoop/common/lib/commons-cli-1.2.jar:/Users/ben/Downloads/hadoop/hadoop-2.8.5/share/hadoop/common/lib/commons-digester-1.8.jar:/Users/ben/Downloads/hadoop/hadoop-2.8.5/share/hadoop/common/lib/servlet-api-2.5.jar:/Users/ben/Downloads/hadoop/hadoop-2.8.5/share/hadoop/common/lib/protobuf-java-2.5.0.jar:/Users/ben/Downloads/hadoop/hadoop-2.8.5/share/hadoop/common/lib/jcip-annotations-1.0-1.jar:/Users/ben/Downloads/hadoop/hadoop-2.8.5/share/hadoop/common/lib/xmlenc-0.52.jar:/Users/ben/Downloads/hadoop/hadoop-2.8.5/share/hadoop/common/lib/jackson-xc-1.9.13.jar:/Users/ben/Downloads/hadoop/hadoop-2.8.5/share/hadoop/common/lib/jetty-util-6.1.26.jar:/Users/ben/Downloads/hadoop/hadoop-2.8.5/share/hadoop/common/lib/httpclient-4.5.2.jar:/Users/ben/Downloads/hadoop/hadoop-2.8.5/share/hadoop/common/lib/guava-11.0.2.jar:/Users/ben/Downloads/hadoop/hadoop-2.8.5/share/hadoop/common/lib/commons-compress-1.4.1.jar:/Users/ben/Downloads/hadoop/hadoop-2.8.5/share/hadoop/common/lib/hadoop-auth-2.8.5.jar:/Users/ben/Downloads/hadoop/hadoop-2.8.5/share/hadoop/common/lib/commons-io-2.4.jar:/Users/ben/Downloads/hadoop/hadoop-2.8.5/share/hadoop/common/lib/jackson-core-asl-1.9.13.jar:/Users/ben/Downloads/hadoop/hadoop-2.8.5/share/hadoop/common/lib/jersey-core-1.9.jar:/Users/ben/Downloads/hadoop/hadoop-2.8.5/share/hadoop/common/lib/jsp-api-2.1.jar:/Users/ben/Downloads/hadoop/hadoop-2.8.5/share/hadoop/common/lib/commons-codec-1.4.jar:/Users/ben/Downloads/hadoop/hadoop-2.8.5/share/hadoop/common/lib/netty-3.6.2.Final.jar:/Users/ben/Downloads/hadoop/hadoop-2.8.5/share/hadoop/common/lib/jetty-6.1.26.jar:/Users/ben/Downloads/hadoop/hadoop-2.8.5/share/hadoop/common/lib/commons-beanutils-core-1.8.0.jar:/Users/ben/Downloads/hadoop/hadoop-2.8.5/share/hadoop/common/lib/jersey-server-1.9.jar:/Users/ben/Downloads/hadoop/hadoop-2.8.5/share/hadoop/common/lib/java-xmlbuilder-0.4.jar:/Users/ben/Downloads/hadoop/hadoop-2.8.5/share/hadoop/common/lib/paranamer-2.3.jar:/Users/ben/Downloads/hadoop/hadoop-2.8.5/share/hadoop/common/lib/zookeeper-3.4.6.jar:/Users/ben/Downloads/hadoop/hadoop-2.8.5/share/hadoop/common/lib/commons-collections-3.2.2.jar:/Users/ben/Downloads/hadoop/hadoop-2.8.5/share/hadoop/common/lib/jettison-1.1.jar:/Users/ben/Downloads/hadoop/hadoop-2.8.5/share/hadoop/common/lib/asm-3.2.jar:/Users/ben/Downloads/hadoop/hadoop-2.8.5/share/hadoop/common/lib/api-asn1-api-1.0.0-M20.jar:/Users/ben/Downloads/hadoop/hadoop-2.8.5/share/hadoop/common/lib/apacheds-kerberos-codec-2.0.0-M15.jar:/Users/ben/Downloads/hadoop/hadoop-2.8.5/share/hadoop/common/lib/hamcrest-core-1.3.jar:/Users/ben/Downloads/hadoop/hadoop-2.8.5/share/hadoop/common/lib/hadoop-annotations-2.8.5.jar:/Users/ben/Downloads/hadoop/hadoop-2.8.5/share/hadoop/common/lib/jsch-0.1.54.jar:/Users/ben/Downloads/hadoop/hadoop-2.8.5/share/hadoop/common/lib/httpcore-4.4.4.jar:/Users/ben/Downloads/hadoop/hadoop-2.8.5/share/hadoop/common/lib/json-smart-1.3.1.jar:/Users/ben/Downloads/hadoop/hadoop-2.8.5/share/hadoop/common/lib/api-util-1.0.0-M20.jar:/Users/ben/Downloads/hadoop/hadoop-2.8.5/share/hadoop/common/lib/curator-framework-2.7.1.jar:/Users/ben/Downloads/hadoop/hadoop-2.8.5/share/hadoop/common/lib/commons-net-3.1.jar:/Users/ben/Downloads/hadoop/hadoop-2.8.5/share/hadoop/common/lib/gson-2.2.4.jar:/Users/ben/Downloads/hadoop/hadoop-2.8.5/share/hadoop/common/lib/slf4j-log4j12-1.7.10.jar:/Users/ben/Downloads/hadoop/hadoop-2.8.5/share/hadoop/common/lib/jets3t-0.9.0.jar:/Users/ben/Downloads/hadoop/hadoop-2.8.5/share/hadoop/common/lib/commons-lang-2.6.jar:/Users/ben/Downloads/hadoop/hadoop-2.8.5/share/hadoop/common/lib/snappy-java-1.0.4.1.jar:/Users/ben/Downloads/hadoop/hadoop-2.8.5/share/hadoop/common/lib/jackson-mapper-asl-1.9.13.jar:/Users/ben/Downloads/hadoop/hadoop-2.8.5/share/hadoop/common/lib/commons-math3-3.1.1.jar:/Users/ben/Downloads/hadoop/hadoop-2.8.5/share/hadoop/common/lib/jsr305-3.0.0.jar:/Users/ben/Downloads/hadoop/hadoop-2.8.5/share/hadoop/common/lib/slf4j-api-1.7.10.jar:/Users/ben/Downloads/hadoop/hadoop-2.8.5/share/hadoop/common/lib/nimbus-jose-jwt-4.41.1.jar:/Users/ben/Downloads/hadoop/hadoop-2.8.5/share/hadoop/common/lib/curator-client-2.7.1.jar:/Users/ben/Downloads/hadoop/hadoop-2.8.5/share/hadoop/hdfs/hadoop-hdfs-client-2.8.5-tests.jar:/Users/ben/Downloads/hadoop/hadoop-2.8.5/share/hadoop/hdfs/hadoop-hdfs-nfs-2.8.5.jar:/Users/ben/Downloads/hadoop/hadoop-2.8.5/share/hadoop/hdfs/hadoop-hdfs-native-client-2.8.5-tests.jar:/Users/ben/Downloads/hadoop/hadoop-2.8.5/share/hadoop/hdfs/hadoop-hdfs-2.8.5.jar:/Users/ben/Downloads/hadoop/hadoop-2.8.5/share/hadoop/hdfs/hadoop-hdfs-client-2.8.5.jar:/Users/ben/Downloads/hadoop/hadoop-2.8.5/share/hadoop/hdfs/hadoop-hdfs-2.8.5-tests.jar:/Users/ben/Downloads/hadoop/hadoop-2.8.5/share/hadoop/hdfs/hadoop-hdfs-native-client-2.8.5.jar:/Users/ben/Downloads/hadoop/hadoop-2.8.5/share/hadoop/hdfs/lib/xercesImpl-2.9.1.jar:/Users/ben/Downloads/hadoop/hadoop-2.8.5/share/hadoop/hdfs/lib/commons-logging-1.1.3.jar:/Users/ben/Downloads/hadoop/hadoop-2.8.5/share/hadoop/hdfs/lib/htrace-core4-4.0.1-incubating.jar:/Users/ben/Downloads/hadoop/hadoop-2.8.5/share/hadoop/hdfs/lib/log4j-1.2.17.jar:/Users/ben/Downloads/hadoop/hadoop-2.8.5/share/hadoop/hdfs/lib/commons-cli-1.2.jar:/Users/ben/Downloads/hadoop/hadoop-2.8.5/share/hadoop/hdfs/lib/xml-apis-1.3.04.jar:/Users/ben/Downloads/hadoop/hadoop-2.8.5/share/hadoop/hdfs/lib/servlet-api-2.5.jar:/Users/ben/Downloads/hadoop/hadoop-2.8.5/share/hadoop/hdfs/lib/protobuf-java-2.5.0.jar:/Users/ben/Downloads/hadoop/hadoop-2.8.5/share/hadoop/hdfs/lib/okio-1.4.0.jar:/Users/ben/Downloads/hadoop/hadoop-2.8.5/share/hadoop/hdfs/lib/xmlenc-0.52.jar:/Users/ben/Downloads/hadoop/hadoop-2.8.5/share/hadoop/hdfs/lib/jetty-util-6.1.26.jar:/Users/ben/Downloads/hadoop/hadoop-2.8.5/share/hadoop/hdfs/lib/guava-11.0.2.jar:/Users/ben/Downloads/hadoop/hadoop-2.8.5/share/hadoop/hdfs/lib/commons-io-2.4.jar:/Users/ben/Downloads/hadoop/hadoop-2.8.5/share/hadoop/hdfs/lib/jackson-core-asl-1.9.13.jar:/Users/ben/Downloads/hadoop/hadoop-2.8.5/share/hadoop/hdfs/lib/jersey-core-1.9.jar:/Users/ben/Downloads/hadoop/hadoop-2.8.5/share/hadoop/hdfs/lib/commons-codec-1.4.jar:/Users/ben/Downloads/hadoop/hadoop-2.8.5/share/hadoop/hdfs/lib/netty-3.6.2.Final.jar:/Users/ben/Downloads/hadoop/hadoop-2.8.5/share/hadoop/hdfs/lib/jetty-6.1.26.jar:/Users/ben/Downloads/hadoop/hadoop-2.8.5/share/hadoop/hdfs/lib/jersey-server-1.9.jar:/Users/ben/Downloads/hadoop/hadoop-2.8.5/share/hadoop/hdfs/lib/asm-3.2.jar:/Users/ben/Downloads/hadoop/hadoop-2.8.5/share/hadoop/hdfs/lib/hadoop-hdfs-client-2.8.5.jar:/Users/ben/Downloads/hadoop/hadoop-2.8.5/share/hadoop/hdfs/lib/commons-lang-2.6.jar:/Users/ben/Downloads/hadoop/hadoop-2.8.5/share/hadoop/hdfs/lib/leveldbjni-all-1.8.jar:/Users/ben/Downloads/hadoop/hadoop-2.8.5/share/hadoop/hdfs/lib/jackson-mapper-asl-1.9.13.jar:/Users/ben/Downloads/hadoop/hadoop-2.8.5/share/hadoop/hdfs/lib/netty-all-4.0.23.Final.jar:/Users/ben/Downloads/hadoop/hadoop-2.8.5/share/hadoop/hdfs/lib/commons-daemon-1.0.13.jar:/Users/ben/Downloads/hadoop/hadoop-2.8.5/share/hadoop/hdfs/lib/okhttp-2.4.0.jar:/Users/ben/Downloads/hadoop/hadoop-2.8.5/share/hadoop/hdfs/lib/jsr305-3.0.0.jar:/Users/ben/Downloads/hadoop/hadoop-2.8.5/share/hadoop/yarn/hadoop-yarn-api-2.8.5.jar:/Users/ben/Downloads/hadoop/hadoop-2.8.5/share/hadoop/yarn/hadoop-yarn-server-tests-2.8.5.jar:/Users/ben/Downloads/hadoop/hadoop-2.8.5/share/hadoop/yarn/hadoop-yarn-server-applicationhistoryservice-2.8.5.jar:/Users/ben/Downloads/hadoop/hadoop-2.8.5/share/hadoop/yarn/hadoop-yarn-applications-unmanaged-am-launcher-2.8.5.jar:/Users/ben/Downloads/hadoop/hadoop-2.8.5/share/hadoop/yarn/hadoop-yarn-server-sharedcachemanager-2.8.5.jar:/Users/ben/Downloads/hadoop/hadoop-2.8.5/share/hadoop/yarn/hadoop-yarn-registry-2.8.5.jar:/Users/ben/Downloads/hadoop/hadoop-2.8.5/share/hadoop/yarn/hadoop-yarn-server-timeline-pluginstorage-2.8.5.jar:/Users/ben/Downloads/hadoop/hadoop-2.8.5/share/hadoop/yarn/hadoop-yarn-applications-distributedshell-2.8.5.jar:/Users/ben/Downloads/hadoop/hadoop-2.8.5/share/hadoop/yarn/hadoop-yarn-client-2.8.5.jar:/Users/ben/Downloads/hadoop/hadoop-2.8.5/share/hadoop/yarn/hadoop-yarn-server-resourcemanager-2.8.5.jar:/Users/ben/Downloads/hadoop/hadoop-2.8.5/share/hadoop/yarn/hadoop-yarn-server-common-2.8.5.jar:/Users/ben/Downloads/hadoop/hadoop-2.8.5/share/hadoop/yarn/hadoop-yarn-server-web-proxy-2.8.5.jar:/Users/ben/Downloads/hadoop/hadoop-2.8.5/share/hadoop/yarn/hadoop-yarn-server-nodemanager-2.8.5.jar:/Users/ben/Downloads/hadoop/hadoop-2.8.5/share/hadoop/yarn/hadoop-yarn-common-2.8.5.jar:/Users/ben/Downloads/hadoop/hadoop-2.8.5/share/hadoop/yarn/lib/jaxb-impl-2.2.3-1.jar:/Users/ben/Downloads/hadoop/hadoop-2.8.5/share/hadoop/yarn/lib/activation-1.1.jar:/Users/ben/Downloads/hadoop/hadoop-2.8.5/share/hadoop/yarn/lib/zookeeper-3.4.6-tests.jar:/Users/ben/Downloads/hadoop/hadoop-2.8.5/share/hadoop/yarn/lib/commons-math-2.2.jar:/Users/ben/Downloads/hadoop/hadoop-2.8.5/share/hadoop/yarn/lib/aopalliance-1.0.jar:/Users/ben/Downloads/hadoop/hadoop-2.8.5/share/hadoop/yarn/lib/guice-servlet-3.0.jar:/Users/ben/Downloads/hadoop/hadoop-2.8.5/share/hadoop/yarn/lib/xz-1.0.jar:/Users/ben/Downloads/hadoop/hadoop-2.8.5/share/hadoop/yarn/lib/stax-api-1.0-2.jar:/Users/ben/Downloads/hadoop/hadoop-2.8.5/share/hadoop/yarn/lib/java-util-1.9.0.jar:/Users/ben/Downloads/hadoop/hadoop-2.8.5/share/hadoop/yarn/lib/jaxb-api-2.2.2.jar:/Users/ben/Downloads/hadoop/hadoop-2.8.5/share/hadoop/yarn/lib/jackson-jaxrs-1.9.13.jar:/Users/ben/Downloads/hadoop/hadoop-2.8.5/share/hadoop/yarn/lib/commons-logging-1.1.3.jar:/Users/ben/Downloads/hadoop/hadoop-2.8.5/share/hadoop/yarn/lib/jersey-json-1.9.jar:/Users/ben/Downloads/hadoop/hadoop-2.8.5/share/hadoop/yarn/lib/log4j-1.2.17.jar:/Users/ben/Downloads/hadoop/hadoop-2.8.5/share/hadoop/yarn/lib/commons-cli-1.2.jar:/Users/ben/Downloads/hadoop/hadoop-2.8.5/share/hadoop/yarn/lib/servlet-api-2.5.jar:/Users/ben/Downloads/hadoop/hadoop-2.8.5/share/hadoop/yarn/lib/protobuf-java-2.5.0.jar:/Users/ben/Downloads/hadoop/hadoop-2.8.5/share/hadoop/yarn/lib/javassist-3.18.1-GA.jar:/Users/ben/Downloads/hadoop/hadoop-2.8.5/share/hadoop/yarn/lib/jackson-xc-1.9.13.jar:/Users/ben/Downloads/hadoop/hadoop-2.8.5/share/hadoop/yarn/lib/jetty-util-6.1.26.jar:/Users/ben/Downloads/hadoop/hadoop-2.8.5/share/hadoop/yarn/lib/fst-2.50.jar:/Users/ben/Downloads/hadoop/hadoop-2.8.5/share/hadoop/yarn/lib/guava-11.0.2.jar:/Users/ben/Downloads/hadoop/hadoop-2.8.5/share/hadoop/yarn/lib/commons-compress-1.4.1.jar:/Users/ben/Downloads/hadoop/hadoop-2.8.5/share/hadoop/yarn/lib/commons-io-2.4.jar:/Users/ben/Downloads/hadoop/hadoop-2.8.5/share/hadoop/yarn/lib/jackson-core-asl-1.9.13.jar:/Users/ben/Downloads/hadoop/hadoop-2.8.5/share/hadoop/yarn/lib/jersey-core-1.9.jar:/Users/ben/Downloads/hadoop/hadoop-2.8.5/share/hadoop/yarn/lib/commons-codec-1.4.jar:/Users/ben/Downloads/hadoop/hadoop-2.8.5/share/hadoop/yarn/lib/netty-3.6.2.Final.jar:/Users/ben/Downloads/hadoop/hadoop-2.8.5/share/hadoop/yarn/lib/jetty-6.1.26.jar:/Users/ben/Downloads/hadoop/hadoop-2.8.5/share/hadoop/yarn/lib/jersey-server-1.9.jar:/Users/ben/Downloads/hadoop/hadoop-2.8.5/share/hadoop/yarn/lib/guice-3.0.jar:/Users/ben/Downloads/hadoop/hadoop-2.8.5/share/hadoop/yarn/lib/jersey-client-1.9.jar:/Users/ben/Downloads/hadoop/hadoop-2.8.5/share/hadoop/yarn/lib/jersey-guice-1.9.jar:/Users/ben/Downloads/hadoop/hadoop-2.8.5/share/hadoop/yarn/lib/zookeeper-3.4.6.jar:/Users/ben/Downloads/hadoop/hadoop-2.8.5/share/hadoop/yarn/lib/commons-collections-3.2.2.jar:/Users/ben/Downloads/hadoop/hadoop-2.8.5/share/hadoop/yarn/lib/jettison-1.1.jar:/Users/ben/Downloads/hadoop/hadoop-2.8.5/share/hadoop/yarn/lib/asm-3.2.jar:/Users/ben/Downloads/hadoop/hadoop-2.8.5/share/hadoop/yarn/lib/commons-lang-2.6.jar:/Users/ben/Downloads/hadoop/hadoop-2.8.5/share/hadoop/yarn/lib/json-io-2.5.1.jar:/Users/ben/Downloads/hadoop/hadoop-2.8.5/share/hadoop/yarn/lib/leveldbjni-all-1.8.jar:/Users/ben/Downloads/hadoop/hadoop-2.8.5/share/hadoop/yarn/lib/jackson-mapper-asl-1.9.13.jar:/Users/ben/Downloads/hadoop/hadoop-2.8.5/share/hadoop/yarn/lib/javax.inject-1.jar:/Users/ben/Downloads/hadoop/hadoop-2.8.5/share/hadoop/yarn/lib/jsr305-3.0.0.jar:/Users/ben/Downloads/hadoop/hadoop-2.8.5/share/hadoop/yarn/lib/curator-test-2.7.1.jar:/Users/ben/Downloads/hadoop/hadoop-2.8.5/share/hadoop/yarn/lib/curator-client-2.7.1.jar
2018-12-08 15:08:02,796 INFO  org.apache.flink.runtime.entrypoint.ClusterEntrypoint         - --------------------------------------------------------------------------------
2018-12-08 15:08:02,797 INFO  org.apache.flink.runtime.entrypoint.ClusterEntrypoint         - Registered UNIX signal handlers for [TERM, HUP, INT]
2018-12-08 15:08:02,799 INFO  org.apache.flink.runtime.entrypoint.ClusterEntrypoint         - YARN daemon is running as: ben Yarn client user obtainer: ben
2018-12-08 15:08:02,802 INFO  org.apache.flink.configuration.GlobalConfiguration            - Loading configuration property: rest.port, 8081
2018-12-08 15:08:02,802 INFO  org.apache.flink.configuration.GlobalConfiguration            - Loading configuration property: internal.cluster.execution-mode, NORMAL
2018-12-08 15:08:02,802 INFO  org.apache.flink.configuration.GlobalConfiguration            - Loading configuration property: parallelism.default, 1
2018-12-08 15:08:02,802 INFO  org.apache.flink.configuration.GlobalConfiguration            - Loading configuration property: high-availability.cluster-id, application_1544245876533_0010
2018-12-08 15:08:02,802 INFO  org.apache.flink.configuration.GlobalConfiguration            - Loading configuration property: jobmanager.rpc.address, localhost
2018-12-08 15:08:02,802 INFO  org.apache.flink.configuration.GlobalConfiguration            - Loading configuration property: taskmanager.numberOfTaskSlots, 1
2018-12-08 15:08:02,802 INFO  org.apache.flink.configuration.GlobalConfiguration            - Loading configuration property: jobmanager.rpc.port, 6123
2018-12-08 15:08:02,802 INFO  org.apache.flink.configuration.GlobalConfiguration            - Loading configuration property: taskmanager.heap.size, 1024m
2018-12-08 15:08:02,803 INFO  org.apache.flink.configuration.GlobalConfiguration            - Loading configuration property: jobmanager.heap.size, 1024m
2018-12-08 15:08:02,817 INFO  org.apache.flink.runtime.clusterframework.BootstrapTools      - Setting directories for temporary files to: /tmp/hadoop-ben/nm-local-dir/usercache/ben/appcache/application_1544245876533_0010
2018-12-08 15:08:02,830 INFO  org.apache.flink.runtime.entrypoint.ClusterEntrypoint         - Starting YarnSessionClusterEntrypoint.
2018-12-08 15:08:02,831 INFO  org.apache.flink.runtime.entrypoint.ClusterEntrypoint         - Install default filesystem.
2018-12-08 15:08:02,894 INFO  org.apache.flink.runtime.security.modules.HadoopModule        - Hadoop user set to ben (auth:SIMPLE)
2018-12-08 15:08:02,922 INFO  org.apache.flink.runtime.entrypoint.ClusterEntrypoint         - Initializing cluster services.
2018-12-08 15:08:03,056 INFO  org.apache.flink.runtime.rpc.akka.AkkaRpcServiceUtils         - Trying to start actor system at 30.5.60.24:0
2018-12-08 15:08:03,374 INFO  akka.event.slf4j.Slf4jLogger                                  - Slf4jLogger started
2018-12-08 15:08:03,420 INFO  akka.remote.Remoting                                          - Starting remoting
2018-12-08 15:08:03,573 INFO  akka.remote.Remoting                                          - Remoting started; listening on addresses :[akka.tcp://flink@30.5.60.24:58146]
2018-12-08 15:08:03,578 INFO  org.apache.flink.runtime.rpc.akka.AkkaRpcServiceUtils         - Actor system started at akka.tcp://flink@30.5.60.24:58146
2018-12-08 15:08:03,596 INFO  org.apache.flink.runtime.blob.BlobServer                      - Created BLOB server storage directory /tmp/hadoop-ben/nm-local-dir/usercache/ben/appcache/application_1544245876533_0010/blobStore-3122e8cf-c8e6-455f-a3db-ca0bbbfe9af1
2018-12-08 15:08:03,608 INFO  org.apache.flink.runtime.blob.BlobServer                      - Started BLOB server at 0.0.0.0:58147 - max concurrent requests: 50 - max backlog: 1000
2018-12-08 15:08:03,621 INFO  org.apache.flink.runtime.metrics.MetricRegistryImpl           - No metrics reporter configured, no metrics will be exposed/reported.
2018-12-08 15:08:03,622 INFO  org.apache.flink.runtime.entrypoint.ClusterEntrypoint         - Trying to start actor system at 30.5.60.24:0
2018-12-08 15:08:03,640 INFO  akka.event.slf4j.Slf4jLogger                                  - Slf4jLogger started
2018-12-08 15:08:03,644 INFO  akka.remote.Remoting                                          - Starting remoting
2018-12-08 15:08:03,650 INFO  akka.remote.Remoting                                          - Remoting started; listening on addresses :[akka.tcp://flink-metrics@30.5.60.24:58148]
2018-12-08 15:08:03,651 INFO  org.apache.flink.runtime.entrypoint.ClusterEntrypoint         - Actor system started at akka.tcp://flink-metrics@30.5.60.24:58148
2018-12-08 15:08:03,655 INFO  org.apache.flink.runtime.dispatcher.FileArchivedExecutionGraphStore  - Initializing FileArchivedExecutionGraphStore: Storage directory /tmp/hadoop-ben/nm-local-dir/usercache/ben/appcache/application_1544245876533_0010/executionGraphStore-684d97ff-2908-4346-857c-2483f5200f03, expiration time 3600000, maximum cache size 52428800 bytes.
2018-12-08 15:08:03,675 INFO  org.apache.flink.runtime.blob.TransientBlobCache              - Created BLOB cache storage directory /tmp/hadoop-ben/nm-local-dir/usercache/ben/appcache/application_1544245876533_0010/blobStore-a49f1b71-aa37-40e4-abe5-ec31374036e6
2018-12-08 15:08:03,692 WARN  org.apache.flink.runtime.dispatcher.DispatcherRestEndpoint    - Upload directory /var/folders/_v/7qm2_64j1hscr5jlszz6zl2w0000gp/T/flink-web-aa891039-20a1-4e7d-9f82-16a1037db205/flink-web-upload does not exist, or has been deleted externally. Previously uploaded files are no longer available.
2018-12-08 15:08:03,694 INFO  org.apache.flink.runtime.dispatcher.DispatcherRestEndpoint    - Created directory /var/folders/_v/7qm2_64j1hscr5jlszz6zl2w0000gp/T/flink-web-aa891039-20a1-4e7d-9f82-16a1037db205/flink-web-upload for file uploads.
2018-12-08 15:08:03,698 INFO  org.apache.flink.runtime.dispatcher.DispatcherRestEndpoint    - Starting rest endpoint.
2018-12-08 15:08:03,872 INFO  org.apache.flink.runtime.webmonitor.WebMonitorUtils           - Determined location of main cluster component log file: /Users/ben/Downloads/hadoop/hadoop-2.8.5/logs/userlogs/application_1544245876533_0010/container_1544245876533_0010_01_000001/jobmanager.log
2018-12-08 15:08:03,872 INFO  org.apache.flink.runtime.webmonitor.WebMonitorUtils           - Determined location of main cluster component stdout file: /Users/ben/Downloads/hadoop/hadoop-2.8.5/logs/userlogs/application_1544245876533_0010/container_1544245876533_0010_01_000001/jobmanager.out
2018-12-08 15:08:03,997 INFO  org.apache.flink.runtime.dispatcher.DispatcherRestEndpoint    - Rest endpoint listening at 30.5.60.24:58149
2018-12-08 15:08:03,997 INFO  org.apache.flink.runtime.dispatcher.DispatcherRestEndpoint    - http://30.5.60.24:58149 was granted leadership with leaderSessionID=00000000-0000-0000-0000-000000000000
2018-12-08 15:08:03,997 INFO  org.apache.flink.runtime.dispatcher.DispatcherRestEndpoint    - Web frontend listening at http://30.5.60.24:58149.
2018-12-08 15:08:04,058 INFO  org.apache.flink.runtime.rpc.akka.AkkaRpcService              - Starting RPC endpoint for org.apache.flink.yarn.YarnResourceManager at akka://flink/user/resourcemanager .
2018-12-08 15:08:04,100 INFO  org.apache.flink.runtime.rpc.akka.AkkaRpcService              - Starting RPC endpoint for org.apache.flink.runtime.dispatcher.StandaloneDispatcher at akka://flink/user/dispatcher .
2018-12-08 15:08:04,130 INFO  org.apache.hadoop.yarn.client.RMProxy                         - Connecting to ResourceManager at /0.0.0.0:8030
2018-12-08 15:08:04,372 INFO  org.apache.flink.yarn.YarnResourceManager                     - Recovered 0 containers from previous attempts ([]).
2018-12-08 15:08:04,374 INFO  org.apache.hadoop.yarn.client.api.impl.ContainerManagementProtocolProxy  - yarn.client.max-cached-nodemanagers-proxies : 0
2018-12-08 15:08:04,375 INFO  org.apache.flink.yarn.YarnResourceManager                     - ResourceManager akka.tcp://flink@30.5.60.24:58146/user/resourcemanager was granted leadership with fencing token 00000000000000000000000000000000
2018-12-08 15:08:04,376 INFO  org.apache.flink.runtime.resourcemanager.slotmanager.SlotManager  - Starting the SlotManager.
2018-12-08 15:08:04,391 INFO  org.apache.flink.runtime.dispatcher.StandaloneDispatcher      - Dispatcher akka.tcp://flink@30.5.60.24:58146/user/dispatcher was granted leadership with fencing token 00000000-0000-0000-0000-000000000000
2018-12-08 15:08:04,394 INFO  org.apache.flink.runtime.dispatcher.StandaloneDispatcher      - Recovering all persisted jobs.


log of appMaster after submit a job:
2018-12-08 15:08:49,382 INFO  org.apache.flink.runtime.dispatcher.StandaloneDispatcher      - Submitting job 72e4563f2d6ba0790262f515473ad726 (WordCount Example).
2018-12-08 15:08:49,401 INFO  org.apache.flink.runtime.rpc.akka.AkkaRpcService              - Starting RPC endpoint for org.apache.flink.runtime.jobmaster.JobMaster at akka://flink/user/jobmanager_0 .
2018-12-08 15:08:49,412 INFO  org.apache.flink.runtime.jobmaster.JobMaster                  - Initializing job WordCount Example (72e4563f2d6ba0790262f515473ad726).
2018-12-08 15:08:49,426 INFO  org.apache.flink.runtime.jobmaster.JobMaster                  - Using restart strategy NoRestartStrategy for WordCount Example (72e4563f2d6ba0790262f515473ad726).
2018-12-08 15:08:49,431 INFO  org.apache.flink.runtime.rpc.akka.AkkaRpcService              - Starting RPC endpoint for org.apache.flink.runtime.jobmaster.slotpool.SlotPool at akka://flink/user/1471b1ef-0e3d-4d8d-8d94-e38a3dc57f23 .
2018-12-08 15:08:49,455 INFO  org.apache.flink.runtime.executiongraph.ExecutionGraph        - Job recovers via failover strategy: full graph restart
2018-12-08 15:08:49,482 INFO  org.apache.flink.runtime.jobmaster.JobMaster                  - Running initialization on master for job WordCount Example (72e4563f2d6ba0790262f515473ad726).
2018-12-08 15:08:50,036 INFO  org.apache.flink.runtime.jobmaster.JobMaster                  - Successfully ran initialization on master in 553 ms.
2018-12-08 15:08:50,083 INFO  org.apache.flink.runtime.jobmaster.JobManagerRunner           - JobManager runner for job WordCount Example (72e4563f2d6ba0790262f515473ad726) was granted leadership with session id 00000000-0000-0000-0000-000000000000 at akka.tcp://flink@30.5.60.24:58146/user/jobmanager_0.
2018-12-08 15:08:50,085 INFO  org.apache.flink.runtime.jobmaster.JobMaster                  - Starting execution of job WordCount Example (72e4563f2d6ba0790262f515473ad726)
2018-12-08 15:08:50,086 INFO  org.apache.flink.runtime.executiongraph.ExecutionGraph        - Job WordCount Example (72e4563f2d6ba0790262f515473ad726) switched from state CREATED to RUNNING.
2018-12-08 15:08:50,088 INFO  org.apache.flink.runtime.executiongraph.ExecutionGraph        - CHAIN DataSource (at main(WordCount.java:66) (org.apache.flink.api.java.io.TextInputFormat)) -> FlatMap (FlatMap at main(WordCount.java:76)) -> Combine (SUM(1), at main(WordCount.java:79) (1/1) (3b03fb40bb8bde2dc899bdf8c252a8cf) switched from CREATED to SCHEDULED.
2018-12-08 15:08:50,094 INFO  org.apache.flink.runtime.jobmaster.JobMaster                  - Connecting to ResourceManager akka.tcp://flink@30.5.60.24:58146/user/resourcemanager(00000000000000000000000000000000)
2018-12-08 15:08:50,098 INFO  org.apache.flink.runtime.jobmaster.JobMaster                  - Resolved ResourceManager address, beginning registration
2018-12-08 15:08:50,099 INFO  org.apache.flink.runtime.jobmaster.JobMaster                  - Registration at ResourceManager attempt 1 (timeout=100ms)
2018-12-08 15:08:50,099 INFO  org.apache.flink.runtime.jobmaster.slotpool.SlotPool          - Cannot serve slot request, no ResourceManager connected. Adding as pending request [SlotRequestId{aff94877cf932851987fb4d4518a9cb2}]
2018-12-08 15:08:50,101 INFO  org.apache.flink.yarn.YarnResourceManager                     - Registering job manager 00000000000000000000000000000000@akka.tcp://flink@30.5.60.24:58146/user/jobmanager_0 for job 72e4563f2d6ba0790262f515473ad726.
2018-12-08 15:08:50,106 INFO  org.apache.flink.yarn.YarnResourceManager                     - Registered job manager 00000000000000000000000000000000@akka.tcp://flink@30.5.60.24:58146/user/jobmanager_0 for job 72e4563f2d6ba0790262f515473ad726.
2018-12-08 15:08:50,108 INFO  org.apache.flink.runtime.jobmaster.JobMaster                  - JobManager successfully registered at ResourceManager, leader id: 00000000000000000000000000000000.
2018-12-08 15:08:50,109 INFO  org.apache.flink.runtime.jobmaster.slotpool.SlotPool          - Requesting new slot [SlotRequestId{aff94877cf932851987fb4d4518a9cb2}] and profile ResourceProfile{cpuCores=-1.0, heapMemoryInMB=-1, directMemoryInMB=0, nativeMemoryInMB=0, networkMemoryInMB=0} from resource manager.
2018-12-08 15:08:50,110 INFO  org.apache.flink.yarn.YarnResourceManager                     - Request slot with profile ResourceProfile{cpuCores=-1.0, heapMemoryInMB=-1, directMemoryInMB=0, nativeMemoryInMB=0, networkMemoryInMB=0} for job 72e4563f2d6ba0790262f515473ad726 with allocation id AllocationID{a72e4184759b55563523172bc5c24368}.
2018-12-08 15:08:50,117 INFO  org.apache.flink.yarn.YarnResourceManager                     - Requesting new TaskExecutor container with resources <memory:1024, vCores:1>. Number pending requests 1.
2018-12-08 15:08:54,975 INFO  org.apache.hadoop.yarn.client.api.impl.AMRMClientImpl         - Received new token for : 30.5.60.24:55214
2018-12-08 15:08:54,982 INFO  org.apache.flink.yarn.YarnResourceManager                     - Received new container: container_1544245876533_0010_01_000002 - Remaining pending container requests: 1
2018-12-08 15:08:55,135 INFO  org.apache.flink.yarn.YarnResourceManager                     - Creating container launch context for TaskManagers
2018-12-08 15:08:55,136 INFO  org.apache.flink.yarn.YarnResourceManager                     - Starting TaskManagers
2018-12-08 15:08:57,830 INFO  org.apache.flink.yarn.YarnResourceManager                     - Registering TaskManager with ResourceID container_1544245876533_0010_01_000002 (akka.tcp://flink@30.5.60.24:58204/user/taskmanager_0) at ResourceManager
2018-12-08 15:08:57,897 INFO  org.apache.flink.runtime.executiongraph.ExecutionGraph        - CHAIN DataSource (at main(WordCount.java:66) (org.apache.flink.api.java.io.TextInputFormat)) -> FlatMap (FlatMap at main(WordCount.java:76)) -> Combine (SUM(1), at main(WordCount.java:79) (1/1) (3b03fb40bb8bde2dc899bdf8c252a8cf) switched from SCHEDULED to DEPLOYING.
2018-12-08 15:08:57,898 INFO  org.apache.flink.runtime.executiongraph.ExecutionGraph        - Deploying CHAIN DataSource (at main(WordCount.java:66) (org.apache.flink.api.java.io.TextInputFormat)) -> FlatMap (FlatMap at main(WordCount.java:76)) -> Combine (SUM(1), at main(WordCount.java:79) (1/1) (attempt #0) to 30.5.60.24
2018-12-08 15:08:57,992 INFO  org.apache.flink.runtime.executiongraph.ExecutionGraph        - CHAIN DataSource (at main(WordCount.java:66) (org.apache.flink.api.java.io.TextInputFormat)) -> FlatMap (FlatMap at main(WordCount.java:76)) -> Combine (SUM(1), at main(WordCount.java:79) (1/1) (3b03fb40bb8bde2dc899bdf8c252a8cf) switched from DEPLOYING to RUNNING.
2018-12-08 15:08:58,096 INFO  org.apache.flink.api.common.io.LocatableInputSplitAssigner    - Assigning remote split to host 30.5.60.24
2018-12-08 15:08:58,840 INFO  org.apache.flink.runtime.executiongraph.ExecutionGraph        - Reduce (SUM(1), at main(WordCount.java:79) (1/1) (988c596ea269c19fc434011c9bdc4287) switched from CREATED to SCHEDULED.
2018-12-08 15:08:58,845 INFO  org.apache.flink.runtime.executiongraph.ExecutionGraph        - Reduce (SUM(1), at main(WordCount.java:79) (1/1) (988c596ea269c19fc434011c9bdc4287) switched from SCHEDULED to DEPLOYING.
2018-12-08 15:08:58,845 INFO  org.apache.flink.runtime.executiongraph.ExecutionGraph        - Deploying Reduce (SUM(1), at main(WordCount.java:79) (1/1) (attempt #0) to 30.5.60.24
2018-12-08 15:08:58,864 INFO  org.apache.flink.runtime.executiongraph.ExecutionGraph        - CHAIN DataSource (at main(WordCount.java:66) (org.apache.flink.api.java.io.TextInputFormat)) -> FlatMap (FlatMap at main(WordCount.java:76)) -> Combine (SUM(1), at main(WordCount.java:79) (1/1) (3b03fb40bb8bde2dc899bdf8c252a8cf) switched from RUNNING to FINISHED.
2018-12-08 15:08:58,869 INFO  org.apache.flink.runtime.executiongraph.ExecutionGraph        - Reduce (SUM(1), at main(WordCount.java:79) (1/1) (988c596ea269c19fc434011c9bdc4287) switched from DEPLOYING to RUNNING.
2018-12-08 15:08:58,992 INFO  org.apache.flink.runtime.executiongraph.ExecutionGraph        - DataSink (CsvOutputFormat (path: hdfs:/user/ben/output/result2.txt, delimiter:  )) (1/1) (e5ba426b9938319c70645fcc755b2ac7) switched from CREATED to SCHEDULED.
2018-12-08 15:08:58,993 INFO  org.apache.flink.runtime.executiongraph.ExecutionGraph        - DataSink (CsvOutputFormat (path: hdfs:/user/ben/output/result2.txt, delimiter:  )) (1/1) (e5ba426b9938319c70645fcc755b2ac7) switched from SCHEDULED to DEPLOYING.
2018-12-08 15:08:58,993 INFO  org.apache.flink.runtime.executiongraph.ExecutionGraph        - Deploying DataSink (CsvOutputFormat (path: hdfs:/user/ben/output/result2.txt, delimiter:  )) (1/1) (attempt #0) to 30.5.60.24
2018-12-08 15:08:58,997 INFO  org.apache.flink.runtime.executiongraph.ExecutionGraph        - Reduce (SUM(1), at main(WordCount.java:79) (1/1) (988c596ea269c19fc434011c9bdc4287) switched from RUNNING to FINISHED.
2018-12-08 15:08:59,005 INFO  org.apache.flink.runtime.executiongraph.ExecutionGraph        - DataSink (CsvOutputFormat (path: hdfs:/user/ben/output/result2.txt, delimiter:  )) (1/1) (e5ba426b9938319c70645fcc755b2ac7) switched from DEPLOYING to RUNNING.
2018-12-08 15:08:59,064 INFO  org.apache.flink.runtime.executiongraph.ExecutionGraph        - DataSink (CsvOutputFormat (path: hdfs:/user/ben/output/result2.txt, delimiter:  )) (1/1) (e5ba426b9938319c70645fcc755b2ac7) switched from RUNNING to FINISHED.
2018-12-08 15:08:59,065 INFO  org.apache.flink.runtime.executiongraph.ExecutionGraph        - Job WordCount Example (72e4563f2d6ba0790262f515473ad726) switched from state RUNNING to FINISHED.
2018-12-08 15:08:59,074 INFO  org.apache.flink.runtime.dispatcher.StandaloneDispatcher      - Job 72e4563f2d6ba0790262f515473ad726 reached globally terminal state FINISHED.
2018-12-08 15:08:59,086 INFO  org.apache.flink.runtime.jobmaster.JobMaster                  - Stopping the JobMaster for job WordCount Example(72e4563f2d6ba0790262f515473ad726).
2018-12-08 15:08:59,091 INFO  org.apache.flink.runtime.jobmaster.JobMaster                  - Close ResourceManager connection fd292d1a9d02eb00bb783357e5d92103: JobManager is shutting down..
2018-12-08 15:08:59,091 INFO  org.apache.flink.runtime.jobmaster.slotpool.SlotPool          - Suspending SlotPool.
2018-12-08 15:08:59,091 INFO  org.apache.flink.yarn.YarnResourceManager                     - Disconnect job manager 00000000000000000000000000000000@akka.tcp://flink@30.5.60.24:58146/user/jobmanager_0 for job 72e4563f2d6ba0790262f515473ad726 from the resource manager.
2018-12-08 15:08:59,091 INFO  org.apache.flink.runtime.jobmaster.slotpool.SlotPool          - Stopping SlotPool.
2018-12-08 15:08:59,092 INFO  org.apache.flink.runtime.jobmaster.JobManagerRunner           - JobManagerRunner already shutdown.

2018-12-08 15:09:34,430 INFO  org.apache.flink.yarn.YarnResourceManager                     - Stopping container container_1544245876533_0010_01_000002.
2018-12-08 15:09:34,445 INFO  org.apache.flink.yarn.YarnResourceManager                     - Closing TaskExecutor connection container_1544245876533_0010_01_000002 because: TaskExecutor exceeded the idle timeout.
2018-12-08 15:09:34,465 WARN  org.apache.flink.yarn.YarnResourceManager                     - Discard registration from TaskExecutor container_1544245876533_0010_01_000002 at (akka.tcp://flink@30.5.60.24:58204/user/taskmanager_0) because the framework did not recognize it
2018-12-08 15:10:04,487 WARN  org.apache.flink.yarn.YarnResourceManager                     - Discard registration from TaskExecutor container_1544245876533_0010_01_000002 at (akka.tcp://flink@30.5.60.24:58204/user/taskmanager_0) because the framework did not recognize it
2018-12-08 15:10:34,518 WARN  org.apache.flink.yarn.YarnResourceManager                     - Discard registration from TaskExecutor container_1544245876533_0010_01_000002 at (akka.tcp://flink@30.5.60.24:58204/user/taskmanager_0) because the framework did not recognize it
2018-12-08 15:11:04,546 WARN  org.apache.flink.yarn.YarnResourceManager                     - Discard registration from TaskExecutor container_1544245876533_0010_01_000002 at (akka.tcp://flink@30.5.60.24:58204/user/taskmanager_0) because the framework did not recognize it
2018-12-08 15:11:34,573 WARN  org.apache.flink.yarn.YarnResourceManager                     - Discard registration from TaskExecutor container_1544245876533_0010_01_000002 at (akka.tcp://flink@30.5.60.24:58204/user/taskmanager_0) because the framework did not recognize it